build/app/intermediates/manifest_merge_blame_file/release/manifest-merger-blame-release-report.txt
1<?xml version="1.0" encoding="utf-8"?>
2<manifest xmlns:android="http://schemas.android.com/apk/res/android"
3    package="com.example.wyd_front"
4    android:versionCode="1"
5    android:versionName="0.1.4" >
6
7    <uses-sdk
8        android:minSdkVersion="34"
8-->src\main\AndroidManifest.xml
9        android:targetSdkVersion="34" />
9-->src\main\AndroidManifest.xml
10
11    <uses-permission
11-->src\main\AndroidManifest.xml:2:5-80
12        android:name="android.permission.READ_EXTERNAL_STORAGE"
12-->src\main\AndroidManifest.xml:2:22-77
13        android:maxSdkVersion="32" />
13-->[:photo_manager] AndroidManifest.xml:11:9-35
14    <uses-permission android:name="android.permission.WRITE_EXTERNAL_STORAGE" />
14-->src\main\AndroidManifest.xml:3:5-81
14-->src\main\AndroidManifest.xml:3:22-78
15    <uses-permission android:name="android.permission.READ_MEDIA_IMAGES" />
15-->src\main\AndroidManifest.xml:4:5-76
15-->src\main\AndroidManifest.xml:4:22-73
16    <uses-permission android:name="android.permission.READ_MEDIA_VIDEO" />
16-->src\main\AndroidManifest.xml:5:5-75
16-->src\main\AndroidManifest.xml:5:22-72
17    <uses-permission android:name="android.permission.READ_MEDIA_AUDIO" />
17-->src\main\AndroidManifest.xml:6:5-75
17-->src\main\AndroidManifest.xml:6:22-72
18    <uses-permission android:name="android.permission.ACCESS_MEDIA_LOCATION" />
18-->src\main\AndroidManifest.xml:7:5-80
18-->src\main\AndroidManifest.xml:7:22-77
19    <uses-permission android:name="android.permission.ACCESS_NETWORK_STATE" />
19-->src\main\AndroidManifest.xml:9:5-79
19-->src\main\AndroidManifest.xml:9:22-76
20
21    <!--
22    flutter_local_notifications
23    <uses-permission android:name="android.permission.RECEIVE_BOOT_COMPLETED"/>
24    <uses-permission android:name="android.permission.SCHEDULE_EXACT_ALARM" />
25    needs requestExactAlarmsPermission();
26    <uses-permission android:name="android.permission.USE_EXACT_ALARM" />
27    -->
28
29    <uses-permission android:name="android.permission.POST_NOTIFICATIONS" />
29-->src\main\AndroidManifest.xml:18:5-77
29-->src\main\AndroidManifest.xml:18:22-74
30    <!--
31         Required to query activities that can process text, see:
32         https://developer.android.com/training/package-visibility?hl=en and
33         https://developer.android.com/reference/android/content/Intent#ACTION_PROCESS_TEXT.
34
35         In particular, this is used by the Flutter engine in io.flutter.plugin.text.ProcessTextPlugin.
36    -->
37    <queries>
37-->src\main\AndroidManifest.xml:72:5-77:15
38        <intent>
38-->src\main\AndroidManifest.xml:73:9-76:18
39            <action android:name="android.intent.action.PROCESS_TEXT" />
39-->src\main\AndroidManifest.xml:74:13-73
39-->src\main\AndroidManifest.xml:74:21-70
40
41            <data android:mimeType="text/plain" />
41-->src\main\AndroidManifest.xml:75:13-51
41-->src\main\AndroidManifest.xml:75:19-48
42        </intent>
43    </queries>
44
45    <uses-permission android:name="android.permission.INTERNET" />
45-->[:firebase_messaging] AndroidManifest.xml:9:5-67
45-->[:firebase_messaging] AndroidManifest.xml:9:22-64
46    <uses-permission android:name="android.permission.WAKE_LOCK" />
46-->[:firebase_messaging] AndroidManifest.xml:10:5-68
46-->[:firebase_messaging] AndroidManifest.xml:10:22-65
47    <uses-permission android:name="android.permission.VIBRATE" /> <!-- Required by older versions of Google Play services to create IID tokens -->
47-->[:flutter_local_notifications] AndroidManifest.xml:9:5-66
47-->[:flutter_local_notifications] AndroidManifest.xml:9:22-63
48    <uses-permission android:name="com.google.android.c2dm.permission.RECEIVE" />
48-->[com.google.firebase:firebase-messaging:24.1.0] AndroidManifest.xml:26:5-82
48-->[com.google.firebase:firebase-messaging:24.1.0] AndroidManifest.xml:26:22-79
49    <uses-permission android:name="com.google.android.providers.gsf.permission.READ_GSERVICES" />
49-->[com.google.android.recaptcha:recaptcha:18.5.1] AndroidManifest.xml:9:5-98
49-->[com.google.android.recaptcha:recaptcha:18.5.1] AndroidManifest.xml:9:22-95
50    <uses-permission android:name="android.permission.RECEIVE_BOOT_COMPLETED" />
50-->[androidx.work:work-runtime:2.8.1] AndroidManifest.xml:25:5-81
50-->[androidx.work:work-runtime:2.8.1] AndroidManifest.xml:25:22-78
51    <uses-permission android:name="android.permission.FOREGROUND_SERVICE" />
51-->[androidx.work:work-runtime:2.8.1] AndroidManifest.xml:26:5-77
51-->[androidx.work:work-runtime:2.8.1] AndroidManifest.xml:26:22-74
52
53    <permission
53-->[androidx.core:core:1.13.1] AndroidManifest.xml:22:5-24:47
54        android:name="com.example.wyd_front.DYNAMIC_RECEIVER_NOT_EXPORTED_PERMISSION"
54-->[androidx.core:core:1.13.1] AndroidManifest.xml:23:9-81
55        android:protectionLevel="signature" />
55-->[androidx.core:core:1.13.1] AndroidManifest.xml:24:9-44
56
57    <uses-permission android:name="com.example.wyd_front.DYNAMIC_RECEIVER_NOT_EXPORTED_PERMISSION" />
57-->[androidx.core:core:1.13.1] AndroidManifest.xml:26:5-97
57-->[androidx.core:core:1.13.1] AndroidManifest.xml:26:22-94
58
59    <application
60        android:name="android.app.Application"
60-->src\main\AndroidManifest.xml:22:9-42
61        android:appComponentFactory="androidx.core.app.CoreComponentFactory"
61-->[androidx.core:core:1.13.1] AndroidManifest.xml:28:18-86
62        android:extractNativeLibs="false"
63        android:icon="@mipmap/ic_launcher"
63-->src\main\AndroidManifest.xml:23:9-43
64        android:label="wyd_front"
64-->src\main\AndroidManifest.xml:21:9-34
65        android:requestLegacyExternalStorage="true" >
65-->src\main\AndroidManifest.xml:24:9-52
66        <activity
66-->src\main\AndroidManifest.xml:25:9-45:20
67            android:name="com.example.wyd_front.MainActivity"
67-->src\main\AndroidManifest.xml:26:13-41
68            android:configChanges="orientation|keyboardHidden|keyboard|screenSize|smallestScreenSize|locale|layoutDirection|fontScale|screenLayout|density|uiMode"
68-->src\main\AndroidManifest.xml:30:13-163
69            android:exported="true"
69-->src\main\AndroidManifest.xml:27:13-36
70            android:hardwareAccelerated="true"
70-->src\main\AndroidManifest.xml:31:13-47
71            android:launchMode="singleTop"
71-->src\main\AndroidManifest.xml:28:13-43
72            android:theme="@style/LaunchTheme"
72-->src\main\AndroidManifest.xml:29:13-47
73            android:windowSoftInputMode="adjustResize" >
73-->src\main\AndroidManifest.xml:32:13-55
74
75            <!--
76                 Specifies an Android theme to apply to this Activity as soon as
77                 the Android process has started. This theme is visible to the user
78                 while the Flutter UI initializes. After that, this theme continues
79                 to determine the Window background behind the Flutter UI.
80            -->
81            <meta-data
81-->src\main\AndroidManifest.xml:37:13-40:15
82                android:name="io.flutter.embedding.android.NormalTheme"
82-->src\main\AndroidManifest.xml:38:17-72
83                android:resource="@style/NormalTheme" />
83-->src\main\AndroidManifest.xml:39:17-54
84
85            <intent-filter>
85-->src\main\AndroidManifest.xml:41:13-44:29
86                <action android:name="android.intent.action.MAIN" />
86-->src\main\AndroidManifest.xml:42:17-69
86-->src\main\AndroidManifest.xml:42:25-66
87
88                <category android:name="android.intent.category.LAUNCHER" />
88-->src\main\AndroidManifest.xml:43:17-77
88-->src\main\AndroidManifest.xml:43:27-74
89            </intent-filter>
90        </activity>
91        <!--
92             Don't delete the meta-data below.
93             This is used by the Flutter tool to generate GeneratedPluginRegistrant.java
94        -->
95        <meta-data
95-->src\main\AndroidManifest.xml:48:9-50:33
96            android:name="flutterEmbedding"
96-->src\main\AndroidManifest.xml:49:13-44
97            android:value="2" />
97-->src\main\AndroidManifest.xml:50:13-30
98
99        <!-- flutter_local_notifications -->
100        <receiver
100-->src\main\AndroidManifest.xml:54:9-55:100
101            android:name="com.dexterous.flutterlocalnotifications.ScheduledNotificationReceiver"
101-->src\main\AndroidManifest.xml:55:13-97
102            android:exported="false" />
102-->src\main\AndroidManifest.xml:54:19-43
103        <receiver
103-->src\main\AndroidManifest.xml:56:9-64:20
104            android:name="com.dexterous.flutterlocalnotifications.ScheduledNotificationBootReceiver"
104-->src\main\AndroidManifest.xml:57:13-101
105            android:exported="false" >
105-->src\main\AndroidManifest.xml:56:19-43
106            <intent-filter>
106-->src\main\AndroidManifest.xml:58:13-63:29
107                <action android:name="android.intent.action.BOOT_COMPLETED" />
107-->src\main\AndroidManifest.xml:59:17-79
107-->src\main\AndroidManifest.xml:59:25-76
108                <action android:name="android.intent.action.MY_PACKAGE_REPLACED" />
108-->src\main\AndroidManifest.xml:60:17-84
108-->src\main\AndroidManifest.xml:60:25-81
109                <action android:name="android.intent.action.QUICKBOOT_POWERON" />
109-->src\main\AndroidManifest.xml:61:17-82
109-->src\main\AndroidManifest.xml:61:25-79
110                <action android:name="com.htc.intent.action.QUICKBOOT_POWERON" />
110-->src\main\AndroidManifest.xml:62:17-82
110-->src\main\AndroidManifest.xml:62:25-79
111            </intent-filter>
112        </receiver>
113
114        <service
114-->[:cloud_firestore] AndroidManifest.xml:10:9-14:19
115            android:name="com.google.firebase.components.ComponentDiscoveryService"
115-->[:cloud_firestore] AndroidManifest.xml:10:18-89
116            android:directBootAware="true"
116-->[com.google.firebase:firebase-common:21.0.0] AndroidManifest.xml:32:13-43
117            android:exported="false" >
117-->[com.google.firebase:firebase-auth:23.1.0] AndroidManifest.xml:68:13-37
118            <meta-data
118-->[:cloud_firestore] AndroidManifest.xml:11:13-13:85
119                android:name="com.google.firebase.components:io.flutter.plugins.firebase.firestore.FlutterFirebaseFirestoreRegistrar"
119-->[:cloud_firestore] AndroidManifest.xml:12:17-134
120                android:value="com.google.firebase.components.ComponentRegistrar" />
120-->[:cloud_firestore] AndroidManifest.xml:13:17-82
121            <meta-data
121-->[:firebase_auth] AndroidManifest.xml:11:13-13:85
122                android:name="com.google.firebase.components:io.flutter.plugins.firebase.auth.FlutterFirebaseAuthRegistrar"
122-->[:firebase_auth] AndroidManifest.xml:12:17-124
123                android:value="com.google.firebase.components.ComponentRegistrar" />
123-->[:firebase_auth] AndroidManifest.xml:13:17-82
124            <meta-data
124-->[:firebase_messaging] AndroidManifest.xml:38:13-40:85
125                android:name="com.google.firebase.components:io.flutter.plugins.firebase.messaging.FlutterFirebaseAppRegistrar"
125-->[:firebase_messaging] AndroidManifest.xml:39:17-128
126                android:value="com.google.firebase.components.ComponentRegistrar" />
126-->[:firebase_messaging] AndroidManifest.xml:40:17-82
127            <meta-data
127-->[:firebase_core] AndroidManifest.xml:11:13-13:85
128                android:name="com.google.firebase.components:io.flutter.plugins.firebase.core.FlutterFirebaseCoreRegistrar"
128-->[:firebase_core] AndroidManifest.xml:12:17-124
129                android:value="com.google.firebase.components.ComponentRegistrar" />
129-->[:firebase_core] AndroidManifest.xml:13:17-82
130            <meta-data
130-->[com.google.firebase:firebase-auth:23.1.0] AndroidManifest.xml:69:13-71:85
131                android:name="com.google.firebase.components:com.google.firebase.auth.FirebaseAuthRegistrar"
131-->[com.google.firebase:firebase-auth:23.1.0] AndroidManifest.xml:70:17-109
132                android:value="com.google.firebase.components.ComponentRegistrar" />
132-->[com.google.firebase:firebase-auth:23.1.0] AndroidManifest.xml:71:17-82
133            <meta-data
133-->[com.google.firebase:firebase-firestore:25.1.1] AndroidManifest.xml:17:13-19:85
134                android:name="com.google.firebase.components:com.google.firebase.firestore.FirebaseFirestoreKtxRegistrar"
134-->[com.google.firebase:firebase-firestore:25.1.1] AndroidManifest.xml:18:17-122
135                android:value="com.google.firebase.components.ComponentRegistrar" />
135-->[com.google.firebase:firebase-firestore:25.1.1] AndroidManifest.xml:19:17-82
136            <meta-data
136-->[com.google.firebase:firebase-firestore:25.1.1] AndroidManifest.xml:20:13-22:85
137                android:name="com.google.firebase.components:com.google.firebase.firestore.FirestoreRegistrar"
137-->[com.google.firebase:firebase-firestore:25.1.1] AndroidManifest.xml:21:17-111
138                android:value="com.google.firebase.components.ComponentRegistrar" />
138-->[com.google.firebase:firebase-firestore:25.1.1] AndroidManifest.xml:22:17-82
139            <meta-data
139-->[com.google.firebase:firebase-messaging:24.1.0] AndroidManifest.xml:57:13-59:85
140                android:name="com.google.firebase.components:com.google.firebase.messaging.FirebaseMessagingKtxRegistrar"
140-->[com.google.firebase:firebase-messaging:24.1.0] AndroidManifest.xml:58:17-122
141                android:value="com.google.firebase.components.ComponentRegistrar" />
141-->[com.google.firebase:firebase-messaging:24.1.0] AndroidManifest.xml:59:17-82
142            <meta-data
142-->[com.google.firebase:firebase-messaging:24.1.0] AndroidManifest.xml:60:13-62:85
143                android:name="com.google.firebase.components:com.google.firebase.messaging.FirebaseMessagingRegistrar"
143-->[com.google.firebase:firebase-messaging:24.1.0] AndroidManifest.xml:61:17-119
144                android:value="com.google.firebase.components.ComponentRegistrar" />
144-->[com.google.firebase:firebase-messaging:24.1.0] AndroidManifest.xml:62:17-82
145            <meta-data
145-->[com.google.firebase:firebase-installations:18.0.0] AndroidManifest.xml:15:13-17:85
146                android:name="com.google.firebase.components:com.google.firebase.installations.FirebaseInstallationsKtxRegistrar"
146-->[com.google.firebase:firebase-installations:18.0.0] AndroidManifest.xml:16:17-130
147                android:value="com.google.firebase.components.ComponentRegistrar" />
147-->[com.google.firebase:firebase-installations:18.0.0] AndroidManifest.xml:17:17-82
148            <meta-data
148-->[com.google.firebase:firebase-installations:18.0.0] AndroidManifest.xml:18:13-20:85
149                android:name="com.google.firebase.components:com.google.firebase.installations.FirebaseInstallationsRegistrar"
149-->[com.google.firebase:firebase-installations:18.0.0] AndroidManifest.xml:19:17-127
150                android:value="com.google.firebase.components.ComponentRegistrar" />
150-->[com.google.firebase:firebase-installations:18.0.0] AndroidManifest.xml:20:17-82
151            <meta-data
151-->[com.google.firebase:firebase-common-ktx:21.0.0] AndroidManifest.xml:12:13-14:85
152                android:name="com.google.firebase.components:com.google.firebase.ktx.FirebaseCommonLegacyRegistrar"
152-->[com.google.firebase:firebase-common-ktx:21.0.0] AndroidManifest.xml:13:17-116
153                android:value="com.google.firebase.components.ComponentRegistrar" />
153-->[com.google.firebase:firebase-common-ktx:21.0.0] AndroidManifest.xml:14:17-82
154            <meta-data
154-->[com.google.firebase:firebase-common:21.0.0] AndroidManifest.xml:35:13-37:85
155                android:name="com.google.firebase.components:com.google.firebase.FirebaseCommonKtxRegistrar"
155-->[com.google.firebase:firebase-common:21.0.0] AndroidManifest.xml:36:17-109
156                android:value="com.google.firebase.components.ComponentRegistrar" />
156-->[com.google.firebase:firebase-common:21.0.0] AndroidManifest.xml:37:17-82
157            <meta-data
157-->[com.google.firebase:firebase-datatransport:18.2.0] AndroidManifest.xml:25:13-27:85
158                android:name="com.google.firebase.components:com.google.firebase.datatransport.TransportRegistrar"
158-->[com.google.firebase:firebase-datatransport:18.2.0] AndroidManifest.xml:26:17-115
159                android:value="com.google.firebase.components.ComponentRegistrar" />
159-->[com.google.firebase:firebase-datatransport:18.2.0] AndroidManifest.xml:27:17-82
160        </service>
161        <service
161-->[:firebase_messaging] AndroidManifest.xml:16:9-19:72
162            android:name="io.flutter.plugins.firebase.messaging.FlutterFirebaseMessagingBackgroundService"
162-->[:firebase_messaging] AndroidManifest.xml:17:13-107
163            android:exported="false"
163-->[:firebase_messaging] AndroidManifest.xml:18:13-37
164            android:permission="android.permission.BIND_JOB_SERVICE" />
164-->[:firebase_messaging] AndroidManifest.xml:19:13-69
165        <service
165-->[:firebase_messaging] AndroidManifest.xml:20:9-26:19
166            android:name="io.flutter.plugins.firebase.messaging.FlutterFirebaseMessagingService"
166-->[:firebase_messaging] AndroidManifest.xml:21:13-97
167            android:exported="false" >
167-->[:firebase_messaging] AndroidManifest.xml:22:13-37
168            <intent-filter>
168-->[:firebase_messaging] AndroidManifest.xml:23:13-25:29
169                <action android:name="com.google.firebase.MESSAGING_EVENT" />
169-->[:firebase_messaging] AndroidManifest.xml:24:17-78
169-->[:firebase_messaging] AndroidManifest.xml:24:25-75
170            </intent-filter>
171        </service>
172
173        <receiver
173-->[:firebase_messaging] AndroidManifest.xml:28:9-35:20
174            android:name="io.flutter.plugins.firebase.messaging.FlutterFirebaseMessagingReceiver"
174-->[:firebase_messaging] AndroidManifest.xml:29:13-98
175            android:exported="true"
175-->[:firebase_messaging] AndroidManifest.xml:30:13-36
176            android:permission="com.google.android.c2dm.permission.SEND" >
176-->[:firebase_messaging] AndroidManifest.xml:31:13-73
177            <intent-filter>
177-->[:firebase_messaging] AndroidManifest.xml:32:13-34:29
178                <action android:name="com.google.android.c2dm.intent.RECEIVE" />
178-->[:firebase_messaging] AndroidManifest.xml:33:17-81
178-->[:firebase_messaging] AndroidManifest.xml:33:25-78
179            </intent-filter>
180        </receiver>
181
182        <provider
182-->[:firebase_messaging] AndroidManifest.xml:43:9-47:38
183            android:name="io.flutter.plugins.firebase.messaging.FlutterFirebaseMessagingInitProvider"
183-->[:firebase_messaging] AndroidManifest.xml:44:13-102
184            android:authorities="com.example.wyd_front.flutterfirebasemessaginginitprovider"
184-->[:firebase_messaging] AndroidManifest.xml:45:13-88
185            android:exported="false"
185-->[:firebase_messaging] AndroidManifest.xml:46:13-37
186            android:initOrder="99" />
186-->[:firebase_messaging] AndroidManifest.xml:47:13-35
187        <provider
187-->[:image_picker_android] AndroidManifest.xml:11:9-19:20
188            android:name="io.flutter.plugins.imagepicker.ImagePickerFileProvider"
188-->[:image_picker_android] AndroidManifest.xml:12:13-82
189            android:authorities="com.example.wyd_front.flutter.image_provider"
189-->[:image_picker_android] AndroidManifest.xml:13:13-74
190            android:exported="false"
190-->[:image_picker_android] AndroidManifest.xml:14:13-37
191            android:grantUriPermissions="true" >
191-->[:image_picker_android] AndroidManifest.xml:15:13-47
192            <meta-data
192-->[:image_picker_android] AndroidManifest.xml:16:13-18:75
193                android:name="android.support.FILE_PROVIDER_PATHS"
193-->[:image_picker_android] AndroidManifest.xml:17:17-67
194                android:resource="@xml/flutter_image_picker_file_paths" />
194-->[:image_picker_android] AndroidManifest.xml:18:17-72
195        </provider> <!-- Trigger Google Play services to install the backported photo picker module. -->
196        <service
196-->[:image_picker_android] AndroidManifest.xml:21:9-33:19
197            android:name="com.google.android.gms.metadata.ModuleDependencies"
197-->[:image_picker_android] AndroidManifest.xml:22:13-78
198            android:enabled="false"
198-->[:image_picker_android] AndroidManifest.xml:23:13-36
199            android:exported="false" >
199-->[:image_picker_android] AndroidManifest.xml:24:13-37
200            <intent-filter>
200-->[:image_picker_android] AndroidManifest.xml:26:13-28:29
201                <action android:name="com.google.android.gms.metadata.MODULE_DEPENDENCIES" />
201-->[:image_picker_android] AndroidManifest.xml:27:17-94
201-->[:image_picker_android] AndroidManifest.xml:27:25-91
202            </intent-filter>
203
204            <meta-data
204-->[:image_picker_android] AndroidManifest.xml:30:13-32:36
205                android:name="photopicker_activity:0:required"
205-->[:image_picker_android] AndroidManifest.xml:31:17-63
206                android:value="" />
206-->[:image_picker_android] AndroidManifest.xml:32:17-33
207        </service>
208        <!--
209           Declares a provider which allows us to store files to share in
210           '.../caches/share_plus' and grant the receiving action access
211        -->
212        <provider
212-->[:share_plus] AndroidManifest.xml:15:9-23:20
213            android:name="dev.fluttercommunity.plus.share.ShareFileProvider"
213-->[:share_plus] AndroidManifest.xml:16:13-77
214            android:authorities="com.example.wyd_front.flutter.share_provider"
214-->[:share_plus] AndroidManifest.xml:17:13-74
215            android:exported="false"
215-->[:share_plus] AndroidManifest.xml:18:13-37
216            android:grantUriPermissions="true" >
216-->[:share_plus] AndroidManifest.xml:19:13-47
217            <meta-data
217-->[:image_picker_android] AndroidManifest.xml:16:13-18:75
218                android:name="android.support.FILE_PROVIDER_PATHS"
218-->[:image_picker_android] AndroidManifest.xml:17:17-67
219                android:resource="@xml/flutter_share_file_paths" />
219-->[:image_picker_android] AndroidManifest.xml:18:17-72
220        </provider>
221        <!--
222           This manifest declared broadcast receiver allows us to use an explicit
223           Intent when creating a PendingItent to be informed of the user's choice
224        -->
225        <receiver
225-->[:share_plus] AndroidManifest.xml:28:9-34:20
226            android:name="dev.fluttercommunity.plus.share.SharePlusPendingIntent"
226-->[:share_plus] AndroidManifest.xml:29:13-82
227            android:exported="false" >
227-->[:share_plus] AndroidManifest.xml:30:13-37
228            <intent-filter>
228-->[:share_plus] AndroidManifest.xml:31:13-33:29
229                <action android:name="EXTRA_CHOSEN_COMPONENT" />
229-->[:share_plus] AndroidManifest.xml:32:17-65
229-->[:share_plus] AndroidManifest.xml:32:25-62
230            </intent-filter>
231        </receiver>
232
233        <activity
233-->[com.google.firebase:firebase-auth:23.1.0] AndroidManifest.xml:29:9-46:20
234            android:name="com.google.firebase.auth.internal.GenericIdpActivity"
234-->[com.google.firebase:firebase-auth:23.1.0] AndroidManifest.xml:30:13-80
235            android:excludeFromRecents="true"
235-->[com.google.firebase:firebase-auth:23.1.0] AndroidManifest.xml:31:13-46
236            android:exported="true"
236-->[com.google.firebase:firebase-auth:23.1.0] AndroidManifest.xml:32:13-36
237            android:launchMode="singleTask"
237-->[com.google.firebase:firebase-auth:23.1.0] AndroidManifest.xml:33:13-44
238            android:theme="@android:style/Theme.Translucent.NoTitleBar" >
238-->[com.google.firebase:firebase-auth:23.1.0] AndroidManifest.xml:34:13-72
239            <intent-filter>
239-->[com.google.firebase:firebase-auth:23.1.0] AndroidManifest.xml:35:13-45:29
240                <action android:name="android.intent.action.VIEW" />
240-->[com.google.firebase:firebase-auth:23.1.0] AndroidManifest.xml:36:17-69
240-->[com.google.firebase:firebase-auth:23.1.0] AndroidManifest.xml:36:25-66
241
242                <category android:name="android.intent.category.DEFAULT" />
242-->[com.google.firebase:firebase-auth:23.1.0] AndroidManifest.xml:38:17-76
242-->[com.google.firebase:firebase-auth:23.1.0] AndroidManifest.xml:38:27-73
243                <category android:name="android.intent.category.BROWSABLE" />
243-->[com.google.firebase:firebase-auth:23.1.0] AndroidManifest.xml:39:17-78
243-->[com.google.firebase:firebase-auth:23.1.0] AndroidManifest.xml:39:27-75
244
245                <data
245-->src\main\AndroidManifest.xml:75:13-51
246                    android:host="firebase.auth"
247                    android:path="/"
248                    android:scheme="genericidp" />
249            </intent-filter>
250        </activity>
251        <activity
251-->[com.google.firebase:firebase-auth:23.1.0] AndroidManifest.xml:47:9-64:20
252            android:name="com.google.firebase.auth.internal.RecaptchaActivity"
252-->[com.google.firebase:firebase-auth:23.1.0] AndroidManifest.xml:48:13-79
253            android:excludeFromRecents="true"
253-->[com.google.firebase:firebase-auth:23.1.0] AndroidManifest.xml:49:13-46
254            android:exported="true"
254-->[com.google.firebase:firebase-auth:23.1.0] AndroidManifest.xml:50:13-36
255            android:launchMode="singleTask"
255-->[com.google.firebase:firebase-auth:23.1.0] AndroidManifest.xml:51:13-44
256            android:theme="@android:style/Theme.Translucent.NoTitleBar" >
256-->[com.google.firebase:firebase-auth:23.1.0] AndroidManifest.xml:52:13-72
257            <intent-filter>
257-->[com.google.firebase:firebase-auth:23.1.0] AndroidManifest.xml:53:13-63:29
258                <action android:name="android.intent.action.VIEW" />
258-->[com.google.firebase:firebase-auth:23.1.0] AndroidManifest.xml:36:17-69
258-->[com.google.firebase:firebase-auth:23.1.0] AndroidManifest.xml:36:25-66
259
260                <category android:name="android.intent.category.DEFAULT" />
260-->[com.google.firebase:firebase-auth:23.1.0] AndroidManifest.xml:38:17-76
260-->[com.google.firebase:firebase-auth:23.1.0] AndroidManifest.xml:38:27-73
261                <category android:name="android.intent.category.BROWSABLE" />
261-->[com.google.firebase:firebase-auth:23.1.0] AndroidManifest.xml:39:17-78
261-->[com.google.firebase:firebase-auth:23.1.0] AndroidManifest.xml:39:27-75
262
263                <data
263-->src\main\AndroidManifest.xml:75:13-51
264                    android:host="firebase.auth"
265                    android:path="/"
266                    android:scheme="recaptcha" />
267            </intent-filter>
268        </activity>
269
270        <receiver
270-->[com.google.firebase:firebase-messaging:24.1.0] AndroidManifest.xml:29:9-40:20
271            android:name="com.google.firebase.iid.FirebaseInstanceIdReceiver"
271-->[com.google.firebase:firebase-messaging:24.1.0] AndroidManifest.xml:30:13-78
272            android:exported="true"
272-->[com.google.firebase:firebase-messaging:24.1.0] AndroidManifest.xml:31:13-36
273            android:permission="com.google.android.c2dm.permission.SEND" >
273-->[com.google.firebase:firebase-messaging:24.1.0] AndroidManifest.xml:32:13-73
274            <intent-filter>
274-->[:firebase_messaging] AndroidManifest.xml:32:13-34:29
275                <action android:name="com.google.android.c2dm.intent.RECEIVE" />
275-->[:firebase_messaging] AndroidManifest.xml:33:17-81
275-->[:firebase_messaging] AndroidManifest.xml:33:25-78
276            </intent-filter>
277
278            <meta-data
278-->[com.google.firebase:firebase-messaging:24.1.0] AndroidManifest.xml:37:13-39:40
279                android:name="com.google.android.gms.cloudmessaging.FINISHED_AFTER_HANDLED"
279-->[com.google.firebase:firebase-messaging:24.1.0] AndroidManifest.xml:38:17-92
280                android:value="true" />
280-->[com.google.firebase:firebase-messaging:24.1.0] AndroidManifest.xml:39:17-37
281        </receiver>
282        <!--
283             FirebaseMessagingService performs security checks at runtime,
284             but set to not exported to explicitly avoid allowing another app to call it.
285        -->
286        <service
286-->[com.google.firebase:firebase-messaging:24.1.0] AndroidManifest.xml:46:9-53:19
287            android:name="com.google.firebase.messaging.FirebaseMessagingService"
287-->[com.google.firebase:firebase-messaging:24.1.0] AndroidManifest.xml:47:13-82
288            android:directBootAware="true"
288-->[com.google.firebase:firebase-messaging:24.1.0] AndroidManifest.xml:48:13-43
289            android:exported="false" >
289-->[com.google.firebase:firebase-messaging:24.1.0] AndroidManifest.xml:49:13-37
290            <intent-filter android:priority="-500" >
290-->[:firebase_messaging] AndroidManifest.xml:23:13-25:29
291                <action android:name="com.google.firebase.MESSAGING_EVENT" />
291-->[:firebase_messaging] AndroidManifest.xml:24:17-78
291-->[:firebase_messaging] AndroidManifest.xml:24:25-75
292            </intent-filter>
293        </service>
294
295        <provider
295-->[com.google.firebase:firebase-common:21.0.0] AndroidManifest.xml:23:9-28:39
296            android:name="com.google.firebase.provider.FirebaseInitProvider"
296-->[com.google.firebase:firebase-common:21.0.0] AndroidManifest.xml:24:13-77
297            android:authorities="com.example.wyd_front.firebaseinitprovider"
297-->[com.google.firebase:firebase-common:21.0.0] AndroidManifest.xml:25:13-72
298            android:directBootAware="true"
298-->[com.google.firebase:firebase-common:21.0.0] AndroidManifest.xml:26:13-43
299            android:exported="false"
299-->[com.google.firebase:firebase-common:21.0.0] AndroidManifest.xml:27:13-37
300            android:initOrder="100" />